# JRE version: OpenJDK Runtime Environment (8.0_242-b01) (build 1.8.0_242-release-1644-b01)
# Java VM: OpenJDK 64-Bit Server VM (25.242-b01 mixed mode windows-amd64 compressed oops)
Heap:
 PSYoungGen      total 360960K, used 49871K [0x00000000d5580000, 0x00000000f0580000, 0x0000000100000000)
  eden space 338432K, 11% used [0x00000000d5580000,0x00000000d7af6760,0x00000000ea000000)
  from space 22528K, 51% used [0x00000000ea000000,0x00000000eab3d648,0x00000000eb600000)
  to   space 21504K, 0% used [0x00000000ef080000,0x00000000ef080000,0x00000000f0580000)
 ParOldGen       total 93184K, used 73368K [0x0000000080000000, 0x0000000085b00000, 0x00000000d5580000)
  object space 93184K, 78% used [0x0000000080000000,0x00000000847a6140,0x0000000085b00000)
 Metaspace       used 84315K, capacity 88278K, committed 88368K, reserved 1126400K
  class space    used 11292K, capacity 12048K, committed 12080K, reserved 1048576K
GC Heap History (10 events):
Event: 61.411 GC heap before
{Heap before GC invocations=18 (full 3):
 PSYoungGen      total 251392K, used 248051K [0x00000000d5580000, 0x00000000e6780000, 0x0000000100000000)
  eden space 238592K, 100% used [0x00000000d5580000,0x00000000e3e80000,0x00000000e3e80000)
  from space 12800K, 73% used [0x00000000e5b00000,0x00000000e643ceb8,0x00000000e6780000)
  to   space 20992K, 0% used [0x00000000e3e80000,0x00000000e3e80000,0x00000000e5300000)
 ParOldGen       total 93184K, used 55845K [0x0000000080000000, 0x0000000085b00000, 0x00000000d5580000)
  object space 93184K, 59% used [0x0000000080000000,0x0000000083689540,0x0000000085b00000)
 Metaspace       used 77716K, capacity 80978K, committed 81072K, reserved 1120256K
  class space    used 10474K, capacity 11120K, committed 11184K, reserved 1048576K
Event: 61.542 GC heap after
Heap after GC invocations=18 (full 3):
 PSYoungGen      total 259584K, used 20970K [0x00000000d5580000, 0x00000000eaa80000, 0x0000000100000000)
  eden space 238592K, 0% used [0x00000000d5580000,0x00000000d5580000,0x00000000e3e80000)
  from space 20992K, 99% used [0x00000000e3e80000,0x00000000e52fa920,0x00000000e5300000)
  to   space 25088K, 0% used [0x00000000e9200000,0x00000000e9200000,0x00000000eaa80000)
 ParOldGen       total 93184K, used 59105K [0x0000000080000000, 0x0000000085b00000, 0x00000000d5580000)
  object space 93184K, 63% used [0x0000000080000000,0x00000000839b8698,0x0000000085b00000)
 Metaspace       used 77716K, capacity 80978K, committed 81072K, reserved 1120256K
  class space    used 10474K, capacity 11120K, committed 11184K, reserved 1048576K
}
Event: 77.144 GC heap before
{Heap before GC invocations=19 (full 3):
 PSYoungGen      total 259584K, used 259562K [0x00000000d5580000, 0x00000000eaa80000, 0x0000000100000000)
  eden space 238592K, 100% used [0x00000000d5580000,0x00000000e3e80000,0x00000000e3e80000)
  from space 20992K, 99% used [0x00000000e3e80000,0x00000000e52fa920,0x00000000e5300000)
  to   space 25088K, 0% used [0x00000000e9200000,0x00000000e9200000,0x00000000eaa80000)
 ParOldGen       total 93184K, used 59105K [0x0000000080000000, 0x0000000085b00000, 0x00000000d5580000)
  object space 93184K, 63% used [0x0000000080000000,0x00000000839b8698,0x0000000085b00000)
 Metaspace       used 83676K, capacity 87528K, committed 87856K, reserved 1124352K
  class space    used 11263K, capacity 12001K, committed 12080K, reserved 1048576K
Event: 77.234 GC heap after
Heap after GC invocations=19 (full 3):
 PSYoungGen      total 310784K, used 12781K [0x00000000d5580000, 0x00000000ea380000, 0x0000000100000000)
  eden space 292864K, 0% used [0x00000000d5580000,0x00000000d5580000,0x00000000e7380000)
  from space 17920K, 71% used [0x00000000e9200000,0x00000000e9e7b470,0x00000000ea380000)
  to   space 24576K, 0% used [0x00000000e7380000,0x00000000e7380000,0x00000000e8b80000)
 ParOldGen       total 93184K, used 73344K [0x0000000080000000, 0x0000000085b00000, 0x00000000d5580000)
  object space 93184K, 78% used [0x0000000080000000,0x00000000847a0140,0x0000000085b00000)
 Metaspace       used 83676K, capacity 87528K, committed 87856K, reserved 1124352K
  class space    used 11263K, capacity 12001K, committed 12080K, reserved 1048576K
}
Event: 79.125 GC heap before
{Heap before GC invocations=20 (full 3):
 PSYoungGen      total 310784K, used 305645K [0x00000000d5580000, 0x00000000ea380000, 0x0000000100000000)
  eden space 292864K, 100% used [0x00000000d5580000,0x00000000e7380000,0x00000000e7380000)
  from space 17920K, 71% used [0x00000000e9200000,0x00000000e9e7b470,0x00000000ea380000)
  to   space 24576K, 0% used [0x00000000e7380000,0x00000000e7380000,0x00000000e8b80000)
 ParOldGen       total 93184K, used 73344K [0x0000000080000000, 0x0000000085b00000, 0x00000000d5580000)
  object space 93184K, 78% used [0x0000000080000000,0x00000000847a0140,0x0000000085b00000)
 Metaspace       used 84052K, capacity 87990K, committed 88112K, reserved 1126400K
  class space    used 11279K, capacity 12012K, committed 12080K, reserved 1048576K
Event: 79.155 GC heap after
Heap after GC invocations=20 (full 3):
 PSYoungGen      total 317440K, used 11807K [0x00000000d5580000, 0x00000000ecd80000, 0x0000000100000000)
  eden space 292864K, 0% used [0x00000000d5580000,0x00000000d5580000,0x00000000e7380000)
  from space 24576K, 48% used [0x00000000e7380000,0x00000000e7f07c88,0x00000000e8b80000)
  to   space 23552K, 0% used [0x00000000eb680000,0x00000000eb680000,0x00000000ecd80000)
 ParOldGen       total 93184K, used 73352K [0x0000000080000000, 0x0000000085b00000, 0x00000000d5580000)
  object space 93184K, 78% used [0x0000000080000000,0x00000000847a2140,0x0000000085b00000)
 Metaspace       used 84052K, capacity 87990K, committed 88112K, reserved 1126400K
  class space    used 11279K, capacity 12012K, committed 12080K, reserved 1048576K
}
Event: 80.718 GC heap before
{Heap before GC invocations=21 (full 3):
 PSYoungGen      total 317440K, used 304671K [0x00000000d5580000, 0x00000000ecd80000, 0x0000000100000000)
  eden space 292864K, 100% used [0x00000000d5580000,0x00000000e7380000,0x00000000e7380000)
  from space 24576K, 48% used [0x00000000e7380000,0x00000000e7f07c88,0x00000000e8b80000)
  to   space 23552K, 0% used [0x00000000eb680000,0x00000000eb680000,0x00000000ecd80000)
 ParOldGen       total 93184K, used 73352K [0x0000000080000000, 0x0000000085b00000, 0x00000000d5580000)
  object space 93184K, 78% used [0x0000000080000000,0x00000000847a2140,0x0000000085b00000)
 Metaspace       used 84142K, capacity 88114K, committed 88368K, reserved 1126400K
  class space    used 11287K, capacity 12046K, committed 12080K, reserved 1048576K
Event: 80.743 GC heap after
Heap after GC invocations=21 (full 3):
 PSYoungGen      total 360448K, used 11813K [0x00000000d5580000, 0x00000000ecc00000, 0x0000000100000000)
  eden space 338432K, 0% used [0x00000000d5580000,0x00000000d5580000,0x00000000ea000000)
  from space 22016K, 53% used [0x00000000eb680000,0x00000000ec209580,0x00000000ecc00000)
  to   space 22528K, 0% used [0x00000000ea000000,0x00000000ea000000,0x00000000eb600000)
 ParOldGen       total 93184K, used 73360K [0x0000000080000000, 0x0000000085b00000, 0x00000000d5580000)
  object space 93184K, 78% used [0x0000000080000000,0x00000000847a4140,0x0000000085b00000)
 Metaspace       used 84142K, capacity 88114K, committed 88368K, reserved 1126400K
  class space    used 11287K, capacity 12046K, committed 12080K, reserved 1048576K
}
Event: 82.953 GC heap before
{Heap before GC invocations=22 (full 3):
 PSYoungGen      total 360448K, used 350245K [0x00000000d5580000, 0x00000000ecc00000, 0x0000000100000000)
  eden space 338432K, 100% used [0x00000000d5580000,0x00000000ea000000,0x00000000ea000000)
  from space 22016K, 53% used [0x00000000eb680000,0x00000000ec209580,0x00000000ecc00000)
  to   space 22528K, 0% used [0x00000000ea000000,0x00000000ea000000,0x00000000eb600000)
 ParOldGen       total 93184K, used 73360K [0x0000000080000000, 0x0000000085b00000, 0x00000000d5580000)
  object space 93184K, 78% used [0x0000000080000000,0x00000000847a4140,0x0000000085b00000)
 Metaspace       used 84306K, capacity 88278K, committed 88368K, reserved 1126400K
  class space    used 11292K, capacity 12048K, committed 12080K, reserved 1048576K
Event: 83.027 GC heap after
Heap after GC invocations=22 (full 3):
 PSYoungGen      total 360960K, used 11509K [0x00000000d5580000, 0x00000000f0580000, 0x0000000100000000)
  eden space 338432K, 0% used [0x00000000d5580000,0x00000000d5580000,0x00000000ea000000)
  from space 22528K, 51% used [0x00000000ea000000,0x00000000eab3d648,0x00000000eb600000)
  to   space 21504K, 0% used [0x00000000ef080000,0x00000000ef080000,0x00000000f0580000)
 ParOldGen       total 93184K, used 73368K [0x0000000080000000, 0x0000000085b00000, 0x00000000d5580000)
  object space 93184K, 78% used [0x0000000080000000,0x00000000847a6140,0x0000000085b00000)
 Metaspace       used 84306K, capacity 88278K, committed 88368K, reserved 1126400K
  class space    used 11292K, capacity 12048K, committed 12080K, reserved 1048576K
}

